<?xml version="1.0" encoding="UTF-8"?>
<!-- Generated by org.testng.reporters.JUnitReportReporter -->
<testsuite hostname="K57B51IM9ALYBNH" name="demo.test.Test2" tests="1" failures="0" timestamp="29 Jun 2017 06:47:24 GMT" time="212.203" errors="0">
  <testcase name="test" time="212.203" classname="demo.test.Test2"/>
</testsuite> <!-- demo.test.Test2 -->
