<?xml version="1.0" encoding="UTF-8"?>
<!-- Generated by org.testng.reporters.JUnitReportReporter -->
<testsuite hostname="K57B51IM9ALYBNH" name="demo.test.CopyOfCreateSupplyManagementRecord1" tests="1" failures="0" timestamp="29 Jun 2017 06:36:27 GMT" time="190.849" errors="0">
  <testcase name="CreateRecord" time="190.849" classname="demo.test.CopyOfCreateSupplyManagementRecord1"/>
</testsuite> <!-- demo.test.CopyOfCreateSupplyManagementRecord1 -->
