<?xml version="1.0" encoding="UTF-8"?>
<!-- Generated by org.testng.reporters.JUnitReportReporter -->
<testsuite hostname="K57B51IM9ALYBNH" name="demo.test.Test1" tests="1" failures="0" timestamp="29 Jun 2017 06:51:01 GMT" time="20.970" errors="0">
  <testcase name="f" time="20.970" classname="demo.test.Test1"/>
</testsuite> <!-- demo.test.Test1 -->
