<?xml version="1.0" encoding="UTF-8"?>
<!-- Generated by org.testng.reporters.JUnitReportReporter -->
<testsuite hostname="K57B51IM9ALYBNH" name="demo.test.CreateSupplyManagementRecordfromCSV" tests="1" failures="0" timestamp="29 Jun 2017 06:39:59 GMT" time="190.032" errors="0">
  <testcase name="CreateRecord" time="190.032" classname="demo.test.CreateSupplyManagementRecordfromCSV"/>
</testsuite> <!-- demo.test.CreateSupplyManagementRecordfromCSV -->
