<?xml version="1.0" encoding="UTF-8"?>
<!-- Generated by org.testng.reporters.JUnitReportReporter -->
<testsuite hostname="K57B51IM9ALYBNH" name="demo.test.CreateSupplyManagementRecordforDifBrowser" tests="1" failures="0" timestamp="29 Jun 2017 06:21:04 GMT" time="0.002" errors="1">
  <testcase name="CreateRecord" time="0.002" classname="demo.test.CreateSupplyManagementRecordforDifBrowser">
    <error type="java.lang.NullPointerException">
      <![CDATA[java.lang.NullPointerException
	at utils.utills.openBrowser(utills.java:168)
	at demo.test.CreateSupplyManagementRecordforDifBrowser.beforeTest(CreateSupplyManagementRecordforDifBrowser.java:15)
	at sun.reflect.NativeMethodAccessorImpl.invoke0(Native Method)
	at sun.reflect.NativeMethodAccessorImpl.invoke(NativeMethodAccessorImpl.java:62)
	at sun.reflect.DelegatingMethodAccessorImpl.invoke(DelegatingMethodAccessorImpl.java:43)
	at java.lang.reflect.Method.invoke(Method.java:498)
	at org.testng.internal.MethodInvocationHelper.invokeMethod(MethodInvocationHelper.java:85)
	at org.testng.internal.Invoker.invokeConfigurationMethod(Invoker.java:510)
	at org.testng.internal.Invoker.invokeConfigurations(Invoker.java:211)
	at org.testng.internal.Invoker.invokeConfigurations(Invoker.java:138)
	at org.testng.TestRunner.beforeRun(TestRunner.java:647)
	at org.testng.TestRunner.run(TestRunner.java:615)
	at org.testng.SuiteRunner.runTest(SuiteRunner.java:357)
	at org.testng.SuiteRunner.runSequentially(SuiteRunner.java:352)
	at org.testng.SuiteRunner.privateRun(SuiteRunner.java:310)
	at org.testng.SuiteRunner.run(SuiteRunner.java:259)
	at org.testng.SuiteRunnerWorker.runSuite(SuiteRunnerWorker.java:52)
	at org.testng.SuiteRunnerWorker.run(SuiteRunnerWorker.java:86)
	at org.testng.TestNG.runSuitesSequentially(TestNG.java:1185)
	at org.testng.TestNG.runSuitesLocally(TestNG.java:1110)
	at org.testng.TestNG.run(TestNG.java:1018)
	at org.testng.remote.AbstractRemoteTestNG.run(AbstractRemoteTestNG.java:132)
	at org.testng.remote.RemoteTestNG.initAndRun(RemoteTestNG.java:236)
	at org.testng.remote.RemoteTestNG.main(RemoteTestNG.java:81)
]]>
    </error>
  </testcase> <!-- CreateRecord -->
</testsuite> <!-- demo.test.CreateSupplyManagementRecordforDifBrowser -->
