<?xml version="1.0" encoding="UTF-8"?>
<!-- Generated by org.testng.reporters.JUnitReportReporter -->
<testsuite hostname="K57B51IM9ALYBNH" name="demo.test.Test1" tests="1" failures="0" timestamp="3 Jul 2017 01:31:03 GMT" time="17.543" errors="0">
  <testcase name="f" time="17.543" classname="demo.test.Test1"/>
</testsuite> <!-- demo.test.Test1 -->
