<?xml version="1.0" encoding="UTF-8"?>
<!-- Generated by org.testng.reporters.JUnitReportReporter -->
<testsuite hostname="K57B51IM9ALYBNH" name="demo.test.Test1" tests="1" failures="0" timestamp="30 Jun 2017 10:08:20 GMT" time="12.343" errors="0">
  <testcase name="f" time="12.343" classname="demo.test.Test1"/>
</testsuite> <!-- demo.test.Test1 -->
